<?xml version="1.0" encoding="UTF-8"?>
<!-- Generated by org.testng.reporters.JUnitXMLReporter -->
<testsuite ignored="2" hostname="PSL180" failures="0" tests="2" name="GRP-bvt" time="0.033" errors="0" timestamp="2024-02-16T14:56:25 IST">
  <testcase classname="ui.GroupDemo" name="test4" time="0.006"/>
  <testcase classname="ui.GroupDemo" name="test3" time="0.001"/>
  <testcase classname="ui.GroupDemo" name="test1" time="0.0">
    <ignored/>
  </testcase> <!-- test1 -->
  <testcase classname="ui.GroupDemo" name="test2" time="0.0">
    <ignored/>
  </testcase> <!-- test2 -->
</testsuite> <!-- GRP-bvt -->
