<?xml version="1.0" encoding="UTF-8"?>
<!-- Generated by org.testng.reporters.JUnitXMLReporter -->
<testsuite ignored="1" hostname="PSL180" failures="0" tests="3" name="GRP-regression" time="0.034" errors="0" timestamp="2024-02-16T14:56:06 IST">
  <testcase classname="ui.GroupDemo" name="test1" time="0.005"/>
  <testcase classname="ui.GroupDemo" name="test2" time="0.0"/>
  <testcase classname="ui.GroupDemo" name="test3" time="0.0"/>
  <testcase classname="ui.GroupDemo" name="test4" time="0.0">
    <ignored/>
  </testcase> <!-- test4 -->
</testsuite> <!-- GRP-regression -->
